<?xml version="1.0" encoding="UTF-8"?>
<!-- Generated by org.testng.reporters.JUnitXMLReporter -->
<testsuite ignored="0" hostname="DESKTOP-5EVK54D" failures="0" tests="3" name="Default test" time="3.621" errors="0" timestamp="2023-02-14T20:13:08 IST">
  <testcase classname="bddstyle.MockJSONResponse" name="getPurchaseAmount" time="3.001"/>
  <testcase classname="bddstyle.MockJSONResponse" name="getCourseCount" time="0.082"/>
  <testcase classname="bddstyle.MockJSONResponse" name="getTitleOfAllCourses" time="0.369"/>
</testsuite> <!-- Default test -->
