<?xml version="1.0" encoding="UTF-8"?>
<!-- Generated by org.testng.reporters.JUnitXMLReporter -->
<testsuite ignored="0" hostname="DESKTOP-5EVK54D" failures="0" tests="4" name="Test" time="8.84" errors="0" timestamp="2023-02-19T20:02:40 IST">
  <testcase classname="ecommerceapi.Login" name="loginToApp" time="5.942"/>
  <testcase classname="ecommerceapi.AddProduct" name="addProduct" time="2.197"/>
  <testcase classname="ecommerceapi.PlaceOrder" name="placeUserOrder" time="0.277"/>
  <testcase classname="ecommerceapi.DeleteProduct" name="validateDeleteProduct" time="0.27"/>
</testsuite> <!-- Test -->
