<?xml version="1.0" encoding="UTF-8"?>
<testng-results ignored="0" total="3" passed="3" failed="0" skipped="0">
  <reporter-output>
  </reporter-output>
  <suite started-at="2023-02-14T20:13:05 IST" name="Default suite" finished-at="2023-02-14T20:13:08 IST" duration-ms="3621">
    <groups>
    </groups>
    <test started-at="2023-02-14T20:13:05 IST" name="Default test" finished-at="2023-02-14T20:13:08 IST" duration-ms="3621">
      <class name="bddstyle.MockJSONResponse">
        <test-method signature="getPurchaseAmount()[pri:1, instance:bddstyle.MockJSONResponse@5403f35f]" started-at="2023-02-14T20:13:05 IST" name="getPurchaseAmount" finished-at="2023-02-14T20:13:08 IST" duration-ms="3001" status="PASS">
          <reporter-output>
          </reporter-output>
        </test-method> <!-- getPurchaseAmount -->
        <test-method signature="getCourseCount()[pri:2, instance:bddstyle.MockJSONResponse@5403f35f]" started-at="2023-02-14T20:13:08 IST" name="getCourseCount" finished-at="2023-02-14T20:13:08 IST" duration-ms="82" status="PASS">
          <reporter-output>
          </reporter-output>
        </test-method> <!-- getCourseCount -->
        <test-method signature="getTitleOfAllCourses()[pri:3, instance:bddstyle.MockJSONResponse@5403f35f]" started-at="2023-02-14T20:13:08 IST" name="getTitleOfAllCourses" finished-at="2023-02-14T20:13:08 IST" duration-ms="369" status="PASS">
          <reporter-output>
          </reporter-output>
        </test-method> <!-- getTitleOfAllCourses -->
      </class> <!-- bddstyle.MockJSONResponse -->
    </test> <!-- Default test -->
  </suite> <!-- Default suite -->
</testng-results>
